<?xml version="1.0" encoding="UTF-8"?>
<!-- Generated by org.testng.reporters.JUnitReportReporter -->
<testsuite hostname="Vaibhav-HP" failures="0" tests="1" name="testcases.Test0" time="7.285" errors="0" timestamp="2024-10-11T14:31:23 IST" skipped="0">
  <testcase classname="testcases.Test0" name="verify" time="7.285"/>
</testsuite> <!-- testcases.Test0 -->
